#
# There is insufficient memory for the Java Runtime Environment to continue.
# Native memory allocation (malloc) failed to allocate 1048576 bytes. Error detail: AllocateHeap
# Possible reasons:
#   The system is out of physical RAM or swap space
#   This process is running with CompressedOops enabled, and the Java Heap may be blocking the growth of the native heap
# Possible solutions:
#   Reduce memory load on the system
#   Increase physical memory or swap space
#   Check if swap backing store is full
#   Decrease Java heap size (-Xmx/-Xms)
#   Decrease number of Java threads
#   Decrease Java thread stack sizes (-Xss)
#   Set larger code cache with -XX:ReservedCodeCacheSize=
#   JVM is running with Unscaled Compressed Oops mode in which the Java heap is
#     placed in the first 4GB address space. The Java Heap base address is the
#     maximum limit for the native heap growth. Please use -XX:HeapBaseMinAddress
#     to set the Java Heap base and to place the Java Heap above 4GB virtual address.
# This output file may be truncated or incomplete.
#
#  Out of Memory Error (allocation.cpp:44), pid=22264, tid=20224
#
# JRE version: OpenJDK Runtime Environment Temurin-21.0.9+10 (21.0.9+10) (build 21.0.9+10-LTS)
# Java VM: OpenJDK 64-Bit Server VM Temurin-21.0.9+10 (21.0.9+10-LTS, mixed mode, sharing, tiered, compressed oops, compressed class ptrs, parallel gc, windows-amd64)
# No core dump will be written. Minidumps are not enabled by default on client versions of Windows
#

---------------  S U M M A R Y ------------

Command Line: --add-modules=ALL-SYSTEM --add-opens=java.base/java.util=ALL-UNNAMED --add-opens=java.base/java.lang=ALL-UNNAMED --add-opens=java.base/sun.nio.fs=ALL-UNNAMED -Declipse.application=org.eclipse.jdt.ls.core.id1 -Dosgi.bundles.defaultStartLevel=4 -Declipse.product=org.eclipse.jdt.ls.core.product -Djava.import.generatesMetadataFilesAtProjectRoot=false -DDetectVMInstallationsJob.disabled=true -Dfile.encoding=utf8 -XX:+UseParallelGC -XX:GCTimeRatio=4 -XX:AdaptiveSizePolicyWeight=90 -Dsun.zip.disableMemoryMapping=true -Xmx2G -Xms100m -Xlog:disable -javaagent:c:\Users\Claud\.vscode\extensions\redhat.java-1.50.0-win32-x64\lombok\lombok-1.18.39-4050.jar -XX:+HeapDumpOnOutOfMemoryError -XX:HeapDumpPath=c:\Users\Claud\AppData\Roaming\Code\User\workspaceStorage\569d6c0e4f9dd4caa8f051ef6d24335b\redhat.java -Daether.dependencyCollector.impl=bf c:\Users\Claud\.vscode\extensions\redhat.java-1.50.0-win32-x64\server\plugins\org.eclipse.equinox.launcher_1.7.100.v20251111-0406.jar -configuration c:\Users\Claud\AppData\Roaming\Code\User\globalStorage\redhat.java\1.50.0\config_win -data c:\Users\Claud\AppData\Roaming\Code\User\workspaceStorage\569d6c0e4f9dd4caa8f051ef6d24335b\redhat.java\jdt_ws --pipe=\\.\pipe\lsp-3e29417ab7db34c67a3babdf1a64e7f7-sock

Host: 12th Gen Intel(R) Core(TM) i5-1235U, 12 cores, 11G,  Windows 11 , 64 bit Build 26100 (10.0.26100.7309)
Time: Tue Dec 16 22:41:47 2025 Hora oficial do Brasil elapsed time: 186948.918487 seconds (2d 3h 55m 48s)

---------------  T H R E A D  ---------------

Current thread (0x00000273de211b60):  JavaThread "Attach Listener" daemon [_thread_in_vm, id=20224, stack(0x000000a10d700000,0x000000a10d800000) (1024K)]

Stack: [0x000000a10d700000,0x000000a10d800000]
Native frames: (J=compiled Java code, j=interpreted, Vv=VM code, C=native code)
V  [jvm.dll+0x6d6e29]
V  [jvm.dll+0x8b4b76]
V  [jvm.dll+0x8b712e]
V  [jvm.dll+0x8b7813]
V  [jvm.dll+0x283d86]
V  [jvm.dll+0xc1277]
V  [jvm.dll+0x6d76d9]
V  [jvm.dll+0x133466]
V  [jvm.dll+0x3f7ea6]
V  [jvm.dll+0x85e9ad]
V  [jvm.dll+0x6d565d]
C  [ucrtbase.dll+0x37b0]
C  [KERNEL32.DLL+0x2e8d7]
C  [ntdll.dll+0x8c53c]


---------------  P R O C E S S  ---------------

Threads class SMR info:
_java_thread_list=0x00000273fbf05670, length=42, elements={
0x00000273dbdde550, 0x00000273de20be80, 0x00000273de20eb60, 0x00000273de210c90,
0x00000273de211b60, 0x00000273de2149c0, 0x00000273de215410, 0x00000273de218250,
0x00000273de21a460, 0x00000273f6026c60, 0x00000273f61b0750, 0x00000273fb259d50,
0x00000273fb677780, 0x00000273fb4d6260, 0x00000273fb385940, 0x00000273fb899f90,
0x00000273fb896b10, 0x00000273fb898550, 0x00000273fb898be0, 0x00000273fb897ec0,
0x00000273fd4057a0, 0x00000273fd4036d0, 0x00000273fd403d60, 0x00000273fd404a80,
0x00000273fd405110, 0x00000273fd405e30, 0x00000273fd0927e0, 0x00000273fd092150,
0x00000273fd0948b0, 0x00000273fd094220, 0x00000273fd094f40, 0x00000273fd091ac0,
0x00000273fd093500, 0x00000273fd093b90, 0x00000273fd0962f0, 0x00000273fd0955d0,
0x00000273fd0983c0, 0x00000273fb8c3d80, 0x00000273fb8c4410, 0x00000273fb8c4aa0,
0x00000273fcd884f0, 0x00000273fcd85700
}

Java Threads: ( => current thread )
  0x00000273dbdde550 JavaThread "main"                              [_thread_blocked, id=8804, stack(0x000000a10d000000,0x000000a10d100000) (1024K)]
  0x00000273de20be80 JavaThread "Reference Handler"          daemon [_thread_blocked, id=22064, stack(0x000000a10d400000,0x000000a10d500000) (1024K)]
  0x00000273de20eb60 JavaThread "Finalizer"                  daemon [_thread_blocked, id=21708, stack(0x000000a10d500000,0x000000a10d600000) (1024K)]
  0x00000273de210c90 JavaThread "Signal Dispatcher"          daemon [_thread_blocked, id=22444, stack(0x000000a10d600000,0x000000a10d700000) (1024K)]
=>0x00000273de211b60 JavaThread "Attach Listener"            daemon [_thread_in_vm, id=20224, stack(0x000000a10d700000,0x000000a10d800000) (1024K)]
  0x00000273de2149c0 JavaThread "Service Thread"             daemon [_thread_blocked, id=18120, stack(0x000000a10d800000,0x000000a10d900000) (1024K)]
  0x00000273de215410 JavaThread "Monitor Deflation Thread"   daemon [_thread_blocked, id=21628, stack(0x000000a10d900000,0x000000a10da00000) (1024K)]
  0x00000273de218250 JavaThread "C2 CompilerThread0"         daemon [_thread_blocked, id=21864, stack(0x000000a10da00000,0x000000a10db00000) (1024K)]
  0x00000273de21a460 JavaThread "C1 CompilerThread0"         daemon [_thread_blocked, id=22416, stack(0x000000a10db00000,0x000000a10dc00000) (1024K)]
  0x00000273f6026c60 JavaThread "Common-Cleaner"             daemon [_thread_blocked, id=5652, stack(0x000000a10dc00000,0x000000a10dd00000) (1024K)]
  0x00000273f61b0750 JavaThread "Notification Thread"        daemon [_thread_blocked, id=22260, stack(0x000000a10dd00000,0x000000a10de00000) (1024K)]
  0x00000273fb259d50 JavaThread "Active Thread: Equinox Container: 51d4c1b6-ae6d-401e-82c9-f85a2f04ba33"        [_thread_blocked, id=21488, stack(0x000000a10de00000,0x000000a10df00000) (1024K)]
  0x00000273fb677780 JavaThread "Refresh Thread: Equinox Container: 51d4c1b6-ae6d-401e-82c9-f85a2f04ba33" daemon [_thread_blocked, id=21928, stack(0x000000a10e500000,0x000000a10e600000) (1024K)]
  0x00000273fb4d6260 JavaThread "Framework Event Dispatcher: Equinox Container: 51d4c1b6-ae6d-401e-82c9-f85a2f04ba33" daemon [_thread_blocked, id=18564, stack(0x000000a10e700000,0x000000a10e800000) (1024K)]
  0x00000273fb385940 JavaThread "Start Level: Equinox Container: 51d4c1b6-ae6d-401e-82c9-f85a2f04ba33" daemon [_thread_blocked, id=21404, stack(0x000000a10e800000,0x000000a10e900000) (1024K)]
  0x00000273fb899f90 JavaThread "Bundle File Closer"         daemon [_thread_blocked, id=22392, stack(0x000000a10eb00000,0x000000a10ec00000) (1024K)]
  0x00000273fb896b10 JavaThread "SCR Component Actor"        daemon [_thread_blocked, id=21164, stack(0x000000a10ec00000,0x000000a10ed00000) (1024K)]
  0x00000273fb898550 JavaThread "Worker-JM"                         [_thread_blocked, id=18976, stack(0x000000a10ed00000,0x000000a10ee00000) (1024K)]
  0x00000273fb898be0 JavaThread "JNA Cleaner"                daemon [_thread_blocked, id=5952, stack(0x000000a10ee00000,0x000000a10ef00000) (1024K)]
  0x00000273fb897ec0 JavaThread "Java indexing"              daemon [_thread_blocked, id=19044, stack(0x000000a10f400000,0x000000a10f500000) (1024K)]
  0x00000273fd4057a0 JavaThread "Thread-1"                   daemon [_thread_in_native, id=9392, stack(0x000000a10fa00000,0x000000a10fb00000) (1024K)]
  0x00000273fd4036d0 JavaThread "Thread-2"                   daemon [_thread_in_native, id=3684, stack(0x000000a10fb00000,0x000000a10fc00000) (1024K)]
  0x00000273fd403d60 JavaThread "Thread-3"                   daemon [_thread_in_native, id=12792, stack(0x000000a10fc00000,0x000000a10fd00000) (1024K)]
  0x00000273fd404a80 JavaThread "Thread-4"                   daemon [_thread_in_native, id=7072, stack(0x000000a10fd00000,0x000000a10fe00000) (1024K)]
  0x00000273fd405110 JavaThread "Thread-5"                   daemon [_thread_in_native, id=8400, stack(0x000000a10fe00000,0x000000a10ff00000) (1024K)]
  0x00000273fd405e30 JavaThread "Thread-6"                   daemon [_thread_in_native, id=5168, stack(0x000000a10ff00000,0x000000a110000000) (1024K)]
  0x00000273fd0927e0 JavaThread "Thread-7"                   daemon [_thread_in_native, id=21868, stack(0x000000a110000000,0x000000a110100000) (1024K)]
  0x00000273fd092150 JavaThread "Thread-8"                   daemon [_thread_in_native, id=15364, stack(0x000000a110100000,0x000000a110200000) (1024K)]
  0x00000273fd0948b0 JavaThread "Thread-9"                   daemon [_thread_in_native, id=21888, stack(0x000000a110200000,0x000000a110300000) (1024K)]
  0x00000273fd094220 JavaThread "Thread-10"                  daemon [_thread_in_native, id=9284, stack(0x000000a110300000,0x000000a110400000) (1024K)]
  0x00000273fd094f40 JavaThread "Thread-11"                  daemon [_thread_in_native, id=21692, stack(0x000000a110400000,0x000000a110500000) (1024K)]
  0x00000273fd091ac0 JavaThread "Thread-12"                  daemon [_thread_in_native, id=20752, stack(0x000000a110500000,0x000000a110600000) (1024K)]
  0x00000273fd093500 JavaThread "Thread-13"                  daemon [_thread_in_native, id=1444, stack(0x000000a110600000,0x000000a110700000) (1024K)]
  0x00000273fd093b90 JavaThread "pool-2-thread-1"                   [_thread_blocked, id=12172, stack(0x000000a110700000,0x000000a110800000) (1024K)]
  0x00000273fd0962f0 JavaThread "WorkspaceEventsHandler"            [_thread_blocked, id=18228, stack(0x000000a110800000,0x000000a110900000) (1024K)]
  0x00000273fd0955d0 JavaThread "pool-1-thread-1"                   [_thread_blocked, id=17152, stack(0x000000a110900000,0x000000a110a00000) (1024K)]
  0x00000273fd0983c0 JavaThread "Cleaner-0"                  daemon [_thread_blocked, id=21604, stack(0x000000a111000000,0x000000a111100000) (1024K)]
  0x00000273fb8c3d80 JavaThread "Java Debug Server"          daemon [_thread_in_native, id=16336, stack(0x000000a110d00000,0x000000a110e00000) (1024K)]
  0x00000273fb8c4410 JavaThread "RxSchedulerPurge-1"         daemon [_thread_blocked, id=22308, stack(0x000000a110f00000,0x000000a111000000) (1024K)]
  0x00000273fb8c4aa0 JavaThread "RxCachedWorkerPoolEvictor-1" daemon [_thread_blocked, id=9208, stack(0x000000a111100000,0x000000a111200000) (1024K)]
  0x00000273fcd884f0 JavaThread "Worker-58"                         [_thread_blocked, id=8368, stack(0x000000a110b00000,0x000000a110c00000) (1024K)]
  0x00000273fcd85700 JavaThread "Worker-59"                         [_thread_blocked, id=5856, stack(0x000000a10ce00000,0x000000a10cf00000) (1024K)]
Total: 42

Other Threads:
  0x00000273de0f49c0 VMThread "VM Thread"                           [id=21780, stack(0x000000a10d300000,0x000000a10d400000) (1024K)]
  0x00000273ddfeba00 WatcherThread "VM Periodic Task Thread"        [id=21952, stack(0x000000a10d200000,0x000000a10d300000) (1024K)]
  0x00000273de188020 WorkerThread "GC Thread#0"                     [id=20636, stack(0x000000a10d100000,0x000000a10d200000) (1024K)]
  0x00000273fb6cd520 WorkerThread "GC Thread#1"                     [id=21528, stack(0x000000a10df00000,0x000000a10e000000) (1024K)]
  0x00000273fb2fe6c0 WorkerThread "GC Thread#2"                     [id=21800, stack(0x000000a10e000000,0x000000a10e100000) (1024K)]
  0x00000273fb2fea60 WorkerThread "GC Thread#3"                     [id=14528, stack(0x000000a10e100000,0x000000a10e200000) (1024K)]
  0x00000273fb6cd8c0 WorkerThread "GC Thread#4"                     [id=1932, stack(0x000000a10e200000,0x000000a10e300000) (1024K)]
  0x00000273fb6cdc60 WorkerThread "GC Thread#5"                     [id=6700, stack(0x000000a10e300000,0x000000a10e400000) (1024K)]
  0x00000273fb42acd0 WorkerThread "GC Thread#6"                     [id=21292, stack(0x000000a10e400000,0x000000a10e500000) (1024K)]
  0x00000273fb4f92a0 WorkerThread "GC Thread#7"                     [id=22216, stack(0x000000a10e600000,0x000000a10e700000) (1024K)]
  0x00000273fb793ae0 WorkerThread "GC Thread#8"                     [id=5176, stack(0x000000a10e900000,0x000000a10ea00000) (1024K)]
  0x00000273fb794290 WorkerThread "GC Thread#9"                     [id=22440, stack(0x000000a10ea00000,0x000000a10eb00000) (1024K)]
Total: 12

Threads with active compile tasks:
Total: 0

VM state: not at safepoint (normal execution)

VM Mutex/Monitor currently owned by a thread: None

Heap address: 0x0000000080000000, size: 2048 MB, Compressed Oops mode: 32-bit

CDS archive(s) mapped at: [0x0000027380000000-0x0000027380ba0000-0x0000027380ba0000), size 12189696, SharedBaseAddress: 0x0000027380000000, ArchiveRelocationMode: 1.
Compressed class space mapped at: 0x0000027381000000-0x00000273c1000000, reserved size: 1073741824
Narrow klass base: 0x0000027380000000, Narrow klass shift: 0, Narrow klass range: 0x100000000

GC Precious Log:
 CardTable entry size: 512
 CPUs: 12 total, 12 available
 Memory: 11989M
 Large Page Support: Disabled
 NUMA Support: Disabled
 Compressed Oops: Enabled (32-bit)
 Alignments: Space 512K, Generation 512K, Heap 2M
 Heap Min Capacity: 100M
 Heap Initial Capacity: 100M
 Heap Max Capacity: 2G
 Pre-touch: Disabled
 Parallel Workers: 10

Heap:
 PSYoungGen      total 6144K, used 3935K [0x00000000d5580000, 0x00000000d5f80000, 0x0000000100000000)
  eden space 5632K, 64% used [0x00000000d5580000,0x00000000d5907d50,0x00000000d5b00000)
  from space 512K, 62% used [0x00000000d5e80000,0x00000000d5ed0000,0x00000000d5f00000)
  to   space 512K, 0% used [0x00000000d5f00000,0x00000000d5f00000,0x00000000d5f80000)
 ParOldGen       total 750080K, used 749603K [0x0000000080000000, 0x00000000adc80000, 0x00000000d5580000)
  object space 750080K, 99% used [0x0000000080000000,0x00000000adc08f20,0x00000000adc80000)
 Metaspace       used 93709K, committed 95360K, reserved 1179648K
  class space    used 9347K, committed 10112K, reserved 1048576K

Card table byte_map: [0x00000273ddb00000,0x00000273ddf10000] _byte_map_base: 0x00000273dd700000

Marking Bits: (ParMarkBitMap*) 0x00007ffc5b152460
 Begin Bits: [0x00000273f0610000, 0x00000273f2610000)
 End Bits:   [0x00000273f2610000, 0x00000273f4610000)

Polling page: 0x00000273dc0c0000

Metaspace:

Usage:
  Non-class:     82.38 MB used.
      Class:      9.13 MB used.
       Both:     91.51 MB used.

Virtual space:
  Non-class space:      128.00 MB reserved,      83.25 MB ( 65%) committed,  2 nodes.
      Class space:        1.00 GB reserved,       9.88 MB ( <1%) committed,  1 nodes.
             Both:        1.12 GB reserved,      93.12 MB (  8%) committed. 

Chunk freelists:
   Non-Class:  12.58 MB
       Class:  6.08 MB
        Both:  18.66 MB

MaxMetaspaceSize: unlimited
CompressedClassSpaceSize: 1.00 GB
Initial GC threshold: 21.00 MB
Current GC threshold: 154.69 MB
CDS: on
 - commit_granule_bytes: 65536.
 - commit_granule_words: 8192.
 - virtual_space_node_default_size: 8388608.
 - enlarge_chunks_in_place: 1.
 - use_allocation_guard: 0.


Internal statistics:

num_allocs_failed_limit: 17.
num_arena_births: 1852.
num_arena_deaths: 454.
num_vsnodes_births: 3.
num_vsnodes_deaths: 0.
num_space_committed: 1490.
num_space_uncommitted: 0.
num_chunks_returned_to_freelist: 546.
num_chunks_taken_from_freelist: 6830.
num_chunk_merges: 136.
num_chunk_splits: 3814.
num_chunks_enlarged: 1912.
num_inconsistent_stats: 0.

CodeHeap 'non-profiled nmethods': size=120000Kb used=20684Kb max_used=23528Kb free=99315Kb
 bounds [0x00000273e8e30000, 0x00000273ea530000, 0x00000273f0360000]
CodeHeap 'profiled nmethods': size=120000Kb used=34410Kb max_used=49370Kb free=85589Kb
 bounds [0x00000273e1360000, 0x00000273e43a0000, 0x00000273e8890000]
CodeHeap 'non-nmethods': size=5760Kb used=1531Kb max_used=1590Kb free=4228Kb
 bounds [0x00000273e8890000, 0x00000273e8b00000, 0x00000273e8e30000]
CodeCache: size=245760Kb, used=56625Kb, max_used=74488Kb, free=189132Kb
 total_blobs=14807, nmethods=13953, adapters=753, full_count=0
Compilation: enabled, stopped_count=0, restarted_count=0

Compilation events (20 events):
Event: 184218.396 Thread 0x00000273de218250 25918   !   4       org.eclipse.jdt.ls.core.internal.text.correction.SourceAssistProcessor::getCodeActionFromProposal (187 bytes)
Event: 184218.740 Thread 0x00000273de218250 nmethod 25918 0x00000273e9560090 code [0x00000273e95602a0, 0x00000273e9560a28]
Event: 184240.447 Thread 0x00000273de21a460 25919       3       sun.nio.ch.WindowsAsynchronousFileChannelImpl$WriteTask::completed (42 bytes)
Event: 184240.447 Thread 0x00000273de218250 25920   !   4       sun.nio.ch.WindowsAsynchronousFileChannelImpl$WriteTask::updatePosition (23 bytes)
Event: 184240.457 Thread 0x00000273de218250 nmethod 25920 0x00000273e9d66390 code [0x00000273e9d66520, 0x00000273e9d66668]
Event: 184240.457 Thread 0x00000273de218250 25921       4       sun.nio.ch.WindowsAsynchronousFileChannelImpl$WriteTask::releaseBufferIfSubstituted (19 bytes)
Event: 184240.471 Thread 0x00000273de21a460 nmethod 25919 0x00000273e1d44e90 code [0x00000273e1d450e0, 0x00000273e1d45858]
Event: 184240.517 Thread 0x00000273de218250 nmethod 25921 0x00000273e9948410 code [0x00000273e9948640, 0x00000273e9948d80]
Event: 184501.815 Thread 0x00000273de218250 25922       4       java.lang.invoke.LambdaForm$MH/0x0000027381830c00::invoke (42 bytes)
Event: 184501.884 Thread 0x00000273de218250 nmethod 25922 0x00000273e9e26090 code [0x00000273e9e26220, 0x00000273e9e262c8]
Event: 184591.533 Thread 0x00000273de21a460 25923       3       sun.nio.ch.WindowsAsynchronousFileChannelImpl$ReadTask::completed (42 bytes)
Event: 184591.534 Thread 0x00000273de218250 25924   !   4       sun.nio.ch.WindowsAsynchronousFileChannelImpl$ReadTask::updatePosition (65 bytes)
Event: 184591.552 Thread 0x00000273de21a460 nmethod 25923 0x00000273e1a0c090 code [0x00000273e1a0c2c0, 0x00000273e1a0c8d0]
Event: 184591.552 Thread 0x00000273de21a460 25925       2       sun.nio.ch.WindowsAsynchronousFileChannelImpl$ReadTask::releaseBufferIfSubstituted (19 bytes)
Event: 184591.555 Thread 0x00000273de21a460 nmethod 25925 0x00000273e14f0f10 code [0x00000273e14f10c0, 0x00000273e14f11f0]
Event: 184591.729 Thread 0x00000273de218250 nmethod 25924 0x00000273e8eedc10 code [0x00000273e8eede20, 0x00000273e8eee5b8]
Event: 184779.839 Thread 0x00000273de21a460 25926       3       java.util.concurrent.atomic.AtomicLong::getAndAdd (12 bytes)
Event: 184779.839 Thread 0x00000273de21a460 nmethod 25926 0x00000273e1515790 code [0x00000273e1515920, 0x00000273e1515a38]
Event: 184809.005 Thread 0x00000273de218250 25927       4       org.eclipse.jdt.internal.corext.dom.GenericVisitor::endVisit (6 bytes)
Event: 184809.032 Thread 0x00000273de218250 nmethod 25927 0x00000273e8f68890 code [0x00000273e8f68a20, 0x00000273e8f68aa8]

GC Heap History (20 events):
Event: 96424.320 GC heap before
{Heap before GC invocations=6699 (full 8):
 PSYoungGen      total 7168K, used 6889K [0x00000000d5580000, 0x00000000d6180000, 0x0000000100000000)
  eden space 5632K, 99% used [0x00000000d5580000,0x00000000d5afe438,0x00000000d5b00000)
  from space 1536K, 82% used [0x00000000d5b00000,0x00000000d5c3c000,0x00000000d5c80000)
  to   space 2560K, 0% used [0x00000000d5f00000,0x00000000d5f00000,0x00000000d6180000)
 ParOldGen       total 748544K, used 748163K [0x0000000080000000, 0x00000000adb00000, 0x00000000d5580000)
  object space 748544K, 99% used [0x0000000080000000,0x00000000adaa0f20,0x00000000adb00000)
 Metaspace       used 93706K, committed 95360K, reserved 1179648K
  class space    used 9347K, committed 10112K, reserved 1048576K
}
Event: 96424.441 GC heap after
{Heap after GC invocations=6699 (full 8):
 PSYoungGen      total 6144K, used 256K [0x00000000d5580000, 0x00000000d5f80000, 0x0000000100000000)
  eden space 5632K, 0% used [0x00000000d5580000,0x00000000d5580000,0x00000000d5b00000)
  from space 512K, 50% used [0x00000000d5f00000,0x00000000d5f40000,0x00000000d5f80000)
  to   space 1024K, 0% used [0x00000000d5d80000,0x00000000d5d80000,0x00000000d5e80000)
 ParOldGen       total 749568K, used 749299K [0x0000000080000000, 0x00000000adc00000, 0x00000000d5580000)
  object space 749568K, 99% used [0x0000000080000000,0x00000000adbbcf20,0x00000000adc00000)
 Metaspace       used 93706K, committed 95360K, reserved 1179648K
  class space    used 9347K, committed 10112K, reserved 1048576K
}
Event: 116387.215 GC heap before
{Heap before GC invocations=6700 (full 8):
 PSYoungGen      total 6144K, used 5888K [0x00000000d5580000, 0x00000000d5f80000, 0x0000000100000000)
  eden space 5632K, 100% used [0x00000000d5580000,0x00000000d5b00000,0x00000000d5b00000)
  from space 512K, 50% used [0x00000000d5f00000,0x00000000d5f40000,0x00000000d5f80000)
  to   space 1024K, 0% used [0x00000000d5d80000,0x00000000d5d80000,0x00000000d5e80000)
 ParOldGen       total 749568K, used 749299K [0x0000000080000000, 0x00000000adc00000, 0x00000000d5580000)
  object space 749568K, 99% used [0x0000000080000000,0x00000000adbbcf20,0x00000000adc00000)
 Metaspace       used 93706K, committed 95360K, reserved 1179648K
  class space    used 9347K, committed 10112K, reserved 1048576K
}
Event: 116387.690 GC heap after
{Heap after GC invocations=6700 (full 8):
 PSYoungGen      total 6656K, used 320K [0x00000000d5580000, 0x00000000d5f80000, 0x0000000100000000)
  eden space 5632K, 0% used [0x00000000d5580000,0x00000000d5580000,0x00000000d5b00000)
  from space 1024K, 31% used [0x00000000d5d80000,0x00000000d5dd0000,0x00000000d5e80000)
  to   space 512K, 0% used [0x00000000d5f00000,0x00000000d5f00000,0x00000000d5f80000)
 ParOldGen       total 749568K, used 749339K [0x0000000080000000, 0x00000000adc00000, 0x00000000d5580000)
  object space 749568K, 99% used [0x0000000080000000,0x00000000adbc6f20,0x00000000adc00000)
 Metaspace       used 93706K, committed 95360K, reserved 1179648K
  class space    used 9347K, committed 10112K, reserved 1048576K
}
Event: 121355.688 GC heap before
{Heap before GC invocations=6701 (full 8):
 PSYoungGen      total 6656K, used 5952K [0x00000000d5580000, 0x00000000d5f80000, 0x0000000100000000)
  eden space 5632K, 100% used [0x00000000d5580000,0x00000000d5b00000,0x00000000d5b00000)
  from space 1024K, 31% used [0x00000000d5d80000,0x00000000d5dd0000,0x00000000d5e80000)
  to   space 512K, 0% used [0x00000000d5f00000,0x00000000d5f00000,0x00000000d5f80000)
 ParOldGen       total 749568K, used 749339K [0x0000000080000000, 0x00000000adc00000, 0x00000000d5580000)
  object space 749568K, 99% used [0x0000000080000000,0x00000000adbc6f20,0x00000000adc00000)
 Metaspace       used 93706K, committed 95360K, reserved 1179648K
  class space    used 9347K, committed 10112K, reserved 1048576K
}
Event: 121355.699 GC heap after
{Heap after GC invocations=6701 (full 8):
 PSYoungGen      total 6144K, used 64K [0x00000000d5580000, 0x00000000d5f80000, 0x0000000100000000)
  eden space 5632K, 0% used [0x00000000d5580000,0x00000000d5580000,0x00000000d5b00000)
  from space 512K, 12% used [0x00000000d5f00000,0x00000000d5f10000,0x00000000d5f80000)
  to   space 512K, 0% used [0x00000000d5e80000,0x00000000d5e80000,0x00000000d5f00000)
 ParOldGen       total 749568K, used 749451K [0x0000000080000000, 0x00000000adc00000, 0x00000000d5580000)
  object space 749568K, 99% used [0x0000000080000000,0x00000000adbe2f20,0x00000000adc00000)
 Metaspace       used 93706K, committed 95360K, reserved 1179648K
  class space    used 9347K, committed 10112K, reserved 1048576K
}
Event: 176401.483 GC heap before
{Heap before GC invocations=6702 (full 8):
 PSYoungGen      total 6144K, used 5696K [0x00000000d5580000, 0x00000000d5f80000, 0x0000000100000000)
  eden space 5632K, 100% used [0x00000000d5580000,0x00000000d5b00000,0x00000000d5b00000)
  from space 512K, 12% used [0x00000000d5f00000,0x00000000d5f10000,0x00000000d5f80000)
  to   space 512K, 0% used [0x00000000d5e80000,0x00000000d5e80000,0x00000000d5f00000)
 ParOldGen       total 749568K, used 749451K [0x0000000080000000, 0x00000000adc00000, 0x00000000d5580000)
  object space 749568K, 99% used [0x0000000080000000,0x00000000adbe2f20,0x00000000adc00000)
 Metaspace       used 93706K, committed 95360K, reserved 1179648K
  class space    used 9347K, committed 10112K, reserved 1048576K
}
Event: 176401.494 GC heap after
{Heap after GC invocations=6702 (full 8):
 PSYoungGen      total 6144K, used 192K [0x00000000d5580000, 0x00000000d5f80000, 0x0000000100000000)
  eden space 5632K, 0% used [0x00000000d5580000,0x00000000d5580000,0x00000000d5b00000)
  from space 512K, 37% used [0x00000000d5e80000,0x00000000d5eb0000,0x00000000d5f00000)
  to   space 512K, 0% used [0x00000000d5f00000,0x00000000d5f00000,0x00000000d5f80000)
 ParOldGen       total 749568K, used 749451K [0x0000000080000000, 0x00000000adc00000, 0x00000000d5580000)
  object space 749568K, 99% used [0x0000000080000000,0x00000000adbe2f20,0x00000000adc00000)
 Metaspace       used 93706K, committed 95360K, reserved 1179648K
  class space    used 9347K, committed 10112K, reserved 1048576K
}
Event: 176401.520 GC heap before
{Heap before GC invocations=6703 (full 8):
 PSYoungGen      total 6144K, used 5824K [0x00000000d5580000, 0x00000000d5f80000, 0x0000000100000000)
  eden space 5632K, 100% used [0x00000000d5580000,0x00000000d5b00000,0x00000000d5b00000)
  from space 512K, 37% used [0x00000000d5e80000,0x00000000d5eb0000,0x00000000d5f00000)
  to   space 512K, 0% used [0x00000000d5f00000,0x00000000d5f00000,0x00000000d5f80000)
 ParOldGen       total 749568K, used 749451K [0x0000000080000000, 0x00000000adc00000, 0x00000000d5580000)
  object space 749568K, 99% used [0x0000000080000000,0x00000000adbe2f20,0x00000000adc00000)
 Metaspace       used 93706K, committed 95360K, reserved 1179648K
  class space    used 9347K, committed 10112K, reserved 1048576K
}
Event: 176401.524 GC heap after
{Heap after GC invocations=6703 (full 8):
 PSYoungGen      total 6144K, used 32K [0x00000000d5580000, 0x00000000d5f80000, 0x0000000100000000)
  eden space 5632K, 0% used [0x00000000d5580000,0x00000000d5580000,0x00000000d5b00000)
  from space 512K, 6% used [0x00000000d5f00000,0x00000000d5f08000,0x00000000d5f80000)
  to   space 512K, 0% used [0x00000000d5e80000,0x00000000d5e80000,0x00000000d5f00000)
 ParOldGen       total 749568K, used 749499K [0x0000000080000000, 0x00000000adc00000, 0x00000000d5580000)
  object space 749568K, 99% used [0x0000000080000000,0x00000000adbeef20,0x00000000adc00000)
 Metaspace       used 93706K, committed 95360K, reserved 1179648K
  class space    used 9347K, committed 10112K, reserved 1048576K
}
Event: 176401.570 GC heap before
{Heap before GC invocations=6704 (full 8):
 PSYoungGen      total 6144K, used 5664K [0x00000000d5580000, 0x00000000d5f80000, 0x0000000100000000)
  eden space 5632K, 100% used [0x00000000d5580000,0x00000000d5b00000,0x00000000d5b00000)
  from space 512K, 6% used [0x00000000d5f00000,0x00000000d5f08000,0x00000000d5f80000)
  to   space 512K, 0% used [0x00000000d5e80000,0x00000000d5e80000,0x00000000d5f00000)
 ParOldGen       total 749568K, used 749499K [0x0000000080000000, 0x00000000adc00000, 0x00000000d5580000)
  object space 749568K, 99% used [0x0000000080000000,0x00000000adbeef20,0x00000000adc00000)
 Metaspace       used 93706K, committed 95360K, reserved 1179648K
  class space    used 9347K, committed 10112K, reserved 1048576K
}
Event: 176401.572 GC heap after
{Heap after GC invocations=6704 (full 8):
 PSYoungGen      total 6144K, used 32K [0x00000000d5580000, 0x00000000d5f80000, 0x0000000100000000)
  eden space 5632K, 0% used [0x00000000d5580000,0x00000000d5580000,0x00000000d5b00000)
  from space 512K, 6% used [0x00000000d5e80000,0x00000000d5e88000,0x00000000d5f00000)
  to   space 512K, 0% used [0x00000000d5f00000,0x00000000d5f00000,0x00000000d5f80000)
 ParOldGen       total 749568K, used 749499K [0x0000000080000000, 0x00000000adc00000, 0x00000000d5580000)
  object space 749568K, 99% used [0x0000000080000000,0x00000000adbeef20,0x00000000adc00000)
 Metaspace       used 93706K, committed 95360K, reserved 1179648K
  class space    used 9347K, committed 10112K, reserved 1048576K
}
Event: 178810.873 GC heap before
{Heap before GC invocations=6705 (full 8):
 PSYoungGen      total 6144K, used 5664K [0x00000000d5580000, 0x00000000d5f80000, 0x0000000100000000)
  eden space 5632K, 100% used [0x00000000d5580000,0x00000000d5b00000,0x00000000d5b00000)
  from space 512K, 6% used [0x00000000d5e80000,0x00000000d5e88000,0x00000000d5f00000)
  to   space 512K, 0% used [0x00000000d5f00000,0x00000000d5f00000,0x00000000d5f80000)
 ParOldGen       total 749568K, used 749499K [0x0000000080000000, 0x00000000adc00000, 0x00000000d5580000)
  object space 749568K, 99% used [0x0000000080000000,0x00000000adbeef20,0x00000000adc00000)
 Metaspace       used 93707K, committed 95360K, reserved 1179648K
  class space    used 9347K, committed 10112K, reserved 1048576K
}
Event: 178810.909 GC heap after
{Heap after GC invocations=6705 (full 8):
 PSYoungGen      total 6144K, used 192K [0x00000000d5580000, 0x00000000d5f80000, 0x0000000100000000)
  eden space 5632K, 0% used [0x00000000d5580000,0x00000000d5580000,0x00000000d5b00000)
  from space 512K, 37% used [0x00000000d5f00000,0x00000000d5f30000,0x00000000d5f80000)
  to   space 512K, 0% used [0x00000000d5e80000,0x00000000d5e80000,0x00000000d5f00000)
 ParOldGen       total 749568K, used 749499K [0x0000000080000000, 0x00000000adc00000, 0x00000000d5580000)
  object space 749568K, 99% used [0x0000000080000000,0x00000000adbeef20,0x00000000adc00000)
 Metaspace       used 93707K, committed 95360K, reserved 1179648K
  class space    used 9347K, committed 10112K, reserved 1048576K
}
Event: 182871.547 GC heap before
{Heap before GC invocations=6706 (full 8):
 PSYoungGen      total 6144K, used 5823K [0x00000000d5580000, 0x00000000d5f80000, 0x0000000100000000)
  eden space 5632K, 99% used [0x00000000d5580000,0x00000000d5affff8,0x00000000d5b00000)
  from space 512K, 37% used [0x00000000d5f00000,0x00000000d5f30000,0x00000000d5f80000)
  to   space 512K, 0% used [0x00000000d5e80000,0x00000000d5e80000,0x00000000d5f00000)
 ParOldGen       total 749568K, used 749499K [0x0000000080000000, 0x00000000adc00000, 0x00000000d5580000)
  object space 749568K, 99% used [0x0000000080000000,0x00000000adbeef20,0x00000000adc00000)
 Metaspace       used 93709K, committed 95360K, reserved 1179648K
  class space    used 9347K, committed 10112K, reserved 1048576K
}
Event: 182871.838 GC heap after
{Heap after GC invocations=6706 (full 8):
 PSYoungGen      total 6144K, used 288K [0x00000000d5580000, 0x00000000d5f80000, 0x0000000100000000)
  eden space 5632K, 0% used [0x00000000d5580000,0x00000000d5580000,0x00000000d5b00000)
  from space 512K, 56% used [0x00000000d5e80000,0x00000000d5ec8020,0x00000000d5f00000)
  to   space 512K, 0% used [0x00000000d5f00000,0x00000000d5f00000,0x00000000d5f80000)
 ParOldGen       total 749568K, used 749539K [0x0000000080000000, 0x00000000adc00000, 0x00000000d5580000)
  object space 749568K, 99% used [0x0000000080000000,0x00000000adbf8f20,0x00000000adc00000)
 Metaspace       used 93709K, committed 95360K, reserved 1179648K
  class space    used 9347K, committed 10112K, reserved 1048576K
}
Event: 184194.284 GC heap before
{Heap before GC invocations=6707 (full 8):
 PSYoungGen      total 6144K, used 5920K [0x00000000d5580000, 0x00000000d5f80000, 0x0000000100000000)
  eden space 5632K, 99% used [0x00000000d5580000,0x00000000d5afffe8,0x00000000d5b00000)
  from space 512K, 56% used [0x00000000d5e80000,0x00000000d5ec8020,0x00000000d5f00000)
  to   space 512K, 0% used [0x00000000d5f00000,0x00000000d5f00000,0x00000000d5f80000)
 ParOldGen       total 749568K, used 749539K [0x0000000080000000, 0x00000000adc00000, 0x00000000d5580000)
  object space 749568K, 99% used [0x0000000080000000,0x00000000adbf8f20,0x00000000adc00000)
 Metaspace       used 93709K, committed 95360K, reserved 1179648K
  class space    used 9347K, committed 10112K, reserved 1048576K
}
Event: 184194.470 GC heap after
{Heap after GC invocations=6707 (full 8):
 PSYoungGen      total 6144K, used 288K [0x00000000d5580000, 0x00000000d5f80000, 0x0000000100000000)
  eden space 5632K, 0% used [0x00000000d5580000,0x00000000d5580000,0x00000000d5b00000)
  from space 512K, 56% used [0x00000000d5f00000,0x00000000d5f48000,0x00000000d5f80000)
  to   space 512K, 0% used [0x00000000d5e80000,0x00000000d5e80000,0x00000000d5f00000)
 ParOldGen       total 749568K, used 749563K [0x0000000080000000, 0x00000000adc00000, 0x00000000d5580000)
  object space 749568K, 99% used [0x0000000080000000,0x00000000adbfef20,0x00000000adc00000)
 Metaspace       used 93709K, committed 95360K, reserved 1179648K
  class space    used 9347K, committed 10112K, reserved 1048576K
}
Event: 184595.402 GC heap before
{Heap before GC invocations=6708 (full 8):
 PSYoungGen      total 6144K, used 5920K [0x00000000d5580000, 0x00000000d5f80000, 0x0000000100000000)
  eden space 5632K, 100% used [0x00000000d5580000,0x00000000d5b00000,0x00000000d5b00000)
  from space 512K, 56% used [0x00000000d5f00000,0x00000000d5f48000,0x00000000d5f80000)
  to   space 512K, 0% used [0x00000000d5e80000,0x00000000d5e80000,0x00000000d5f00000)
 ParOldGen       total 749568K, used 749563K [0x0000000080000000, 0x00000000adc00000, 0x00000000d5580000)
  object space 749568K, 99% used [0x0000000080000000,0x00000000adbfef20,0x00000000adc00000)
 Metaspace       used 93709K, committed 95360K, reserved 1179648K
  class space    used 9347K, committed 10112K, reserved 1048576K
}
Event: 184595.613 GC heap after
{Heap after GC invocations=6708 (full 8):
 PSYoungGen      total 6144K, used 320K [0x00000000d5580000, 0x00000000d5f80000, 0x0000000100000000)
  eden space 5632K, 0% used [0x00000000d5580000,0x00000000d5580000,0x00000000d5b00000)
  from space 512K, 62% used [0x00000000d5e80000,0x00000000d5ed0000,0x00000000d5f00000)
  to   space 512K, 0% used [0x00000000d5f00000,0x00000000d5f00000,0x00000000d5f80000)
 ParOldGen       total 750080K, used 749603K [0x0000000080000000, 0x00000000adc80000, 0x00000000d5580000)
  object space 750080K, 99% used [0x0000000080000000,0x00000000adc08f20,0x00000000adc80000)
 Metaspace       used 93709K, committed 95360K, reserved 1179648K
  class space    used 9347K, committed 10112K, reserved 1048576K
}

Dll operation events (12 events):
Event: 0.118 Loaded shared library c:\Users\Claud\.vscode\extensions\redhat.java-1.50.0-win32-x64\jre\21.0.9-win32-x86_64\bin\java.dll
Event: 0.670 Loaded shared library c:\Users\Claud\.vscode\extensions\redhat.java-1.50.0-win32-x64\jre\21.0.9-win32-x86_64\bin\zip.dll
Event: 0.819 Loaded shared library C:\Users\Claud\.vscode\extensions\redhat.java-1.50.0-win32-x64\jre\21.0.9-win32-x86_64\bin\instrument.dll
Event: 0.855 Loaded shared library C:\Users\Claud\.vscode\extensions\redhat.java-1.50.0-win32-x64\jre\21.0.9-win32-x86_64\bin\net.dll
Event: 0.877 Loaded shared library C:\Users\Claud\.vscode\extensions\redhat.java-1.50.0-win32-x64\jre\21.0.9-win32-x86_64\bin\nio.dll
Event: 0.897 Loaded shared library C:\Users\Claud\.vscode\extensions\redhat.java-1.50.0-win32-x64\jre\21.0.9-win32-x86_64\bin\zip.dll
Event: 1.065 Loaded shared library C:\Users\Claud\.vscode\extensions\redhat.java-1.50.0-win32-x64\jre\21.0.9-win32-x86_64\bin\jimage.dll
Event: 2.740 Loaded shared library c:\Users\Claud\.vscode\extensions\redhat.java-1.50.0-win32-x64\jre\21.0.9-win32-x86_64\bin\verify.dll
Event: 16.045 Loaded shared library C:\Users\Claud\AppData\Roaming\Code\User\globalStorage\redhat.java\1.50.0\config_win\org.eclipse.equinox.launcher\org.eclipse.equinox.launcher.win32.win32.x86_64_1.2.1400.v20250801-0854\eclipse_11916.dll
Event: 29.545 Loaded shared library C:\Users\Claud\AppData\Local\Temp\jna-65190279\jna16338723339487673174.dll
Event: 1109.683 Loaded shared library C:\Users\Claud\.vscode\extensions\redhat.java-1.50.0-win32-x64\jre\21.0.9-win32-x86_64\bin\sunmscapi.dll
Event: 1109.919 Loaded shared library C:\Users\Claud\.vscode\extensions\redhat.java-1.50.0-win32-x64\jre\21.0.9-win32-x86_64\bin\extnet.dll

Deoptimization events (20 events):
Event: 88214.407 Thread 0x00000273fcd85d90 DEOPT PACKING pc=0x00000273e9a8371c sp=0x000000a110efef30
Event: 88214.407 Thread 0x00000273fcd85d90 DEOPT UNPACKING pc=0x00000273e88e3aa2 sp=0x000000a110efeed8 mode 2
Event: 88217.981 Thread 0x00000273ff2fa220 DEOPT PACKING pc=0x00000273e32f8294 sp=0x000000a10effe920
Event: 88217.981 Thread 0x00000273ff2fa220 DEOPT UNPACKING pc=0x00000273e88e4242 sp=0x000000a10effdd18 mode 0
Event: 88218.074 Thread 0x00000273ff2f8e70 Uncommon trap: trap_request=0xffffff45 fr.pc=0x00000273e8e31414 relative=0x0000000000000254
Event: 88218.074 Thread 0x00000273ff2fa220 Uncommon trap: trap_request=0xffffff45 fr.pc=0x00000273e9c060e8 relative=0x0000000000000c48
Event: 88218.074 Thread 0x00000273ff2f8e70 Uncommon trap: reason=unstable_if action=reinterpret pc=0x00000273e8e31414 method=java.util.concurrent.ConcurrentHashMap.initTable()[Ljava/util/concurrent/ConcurrentHashMap$Node; @ 50 c2
Event: 88218.074 Thread 0x00000273ff2fa220 Uncommon trap: reason=unstable_if action=reinterpret pc=0x00000273e9c060e8 method=java.util.concurrent.ConcurrentHashMap.addCount(JI)V @ 171 c2
Event: 88218.074 Thread 0x00000273ff2f8e70 DEOPT PACKING pc=0x00000273e8e31414 sp=0x000000a10cffe4e0
Event: 88218.074 Thread 0x00000273ff2f8e70 DEOPT UNPACKING pc=0x00000273e88e3aa2 sp=0x000000a10cffe450 mode 2
Event: 88218.075 Thread 0x00000273ff2fa220 DEOPT PACKING pc=0x00000273e9c060e8 sp=0x000000a10effe440
Event: 88218.150 Thread 0x00000273ff2fa220 DEOPT UNPACKING pc=0x00000273e88e3aa2 sp=0x000000a10effe310 mode 2
Event: 128961.449 Thread 0x00000273fd4057a0 Uncommon trap: trap_request=0xffffff45 fr.pc=0x00000273e9d85b08 relative=0x00000000000009e8
Event: 128961.451 Thread 0x00000273fd4057a0 Uncommon trap: reason=unstable_if action=reinterpret pc=0x00000273e9d85b08 method=sun.nio.ch.WindowsAsynchronousFileChannelImpl$WriteTask.completed(IZ)V @ 21 c2
Event: 128961.453 Thread 0x00000273fd4057a0 DEOPT PACKING pc=0x00000273e9d85b08 sp=0x000000a10faff520
Event: 128961.455 Thread 0x00000273fd4057a0 DEOPT UNPACKING pc=0x00000273e88e3aa2 sp=0x000000a10faff500 mode 2
Event: 128961.478 Thread 0x00000273fd4057a0 Uncommon trap: trap_request=0xffffff45 fr.pc=0x00000273e9fc2460 relative=0x0000000000000fc0
Event: 128961.479 Thread 0x00000273fd4057a0 Uncommon trap: reason=unstable_if action=reinterpret pc=0x00000273e9fc2460 method=sun.nio.ch.WindowsAsynchronousFileChannelImpl$ReadTask.completed(IZ)V @ 21 c2
Event: 128961.479 Thread 0x00000273fd4057a0 DEOPT PACKING pc=0x00000273e9fc2460 sp=0x000000a10faff4d0
Event: 128961.480 Thread 0x00000273fd4057a0 DEOPT UNPACKING pc=0x00000273e88e3aa2 sp=0x000000a10faff500 mode 2

Classes loaded (20 events):
Event: 1259.093 Loading class java/util/concurrent/CompletableFuture$UniCompose
Event: 1259.094 Loading class java/util/concurrent/CompletableFuture$UniCompose done
Event: 1259.094 Loading class java/util/concurrent/CompletableFuture$UniRelay
Event: 1259.094 Loading class java/util/concurrent/CompletableFuture$UniRelay done
Event: 1259.690 Loading class java/util/concurrent/ScheduledThreadPoolExecutor$DelayedWorkQueue$Itr
Event: 1259.691 Loading class java/util/concurrent/ScheduledThreadPoolExecutor$DelayedWorkQueue$Itr done
Event: 1262.211 Loading class jdk/internal/reflect/MethodHandleByteFieldAccessorImpl
Event: 1262.211 Loading class jdk/internal/reflect/MethodHandleByteFieldAccessorImpl done
Event: 1266.558 Loading class java/util/concurrent/CompletableFuture$AsyncRun
Event: 1266.558 Loading class java/util/concurrent/CompletableFuture$AsyncRun done
Event: 1423.636 Loading class java/lang/ProcessHandleImpl$ExitCompletion
Event: 1423.636 Loading class java/lang/ProcessHandleImpl$ExitCompletion done
Event: 1423.636 Loading class java/lang/ProcessHandleImpl$1
Event: 1423.637 Loading class java/lang/ProcessHandleImpl$1 done
Event: 1423.638 Loading class java/util/concurrent/CompletableFuture$UniHandle
Event: 1423.638 Loading class java/util/concurrent/CompletableFuture$UniHandle done
Event: 10879.934 Loading class java/util/concurrent/ConcurrentHashMap$TreeNode
Event: 10879.935 Loading class java/util/concurrent/ConcurrentHashMap$TreeNode done
Event: 10879.936 Loading class java/util/concurrent/ConcurrentHashMap$TreeBin
Event: 10879.936 Loading class java/util/concurrent/ConcurrentHashMap$TreeBin done

Classes unloaded (20 events):
Event: 6037.769 Thread 0x00000273de0f49c0 Unloading class 0x0000027381004800 'java/lang/invoke/LambdaForm$DMH+0x0000027381004800'
Event: 6037.769 Thread 0x00000273de0f49c0 Unloading class 0x0000027381002400 'java/lang/invoke/LambdaForm$MH+0x0000027381002400'
Event: 6037.769 Thread 0x00000273de0f49c0 Unloading class 0x0000027381002000 'java/lang/invoke/LambdaForm$MH+0x0000027381002000'
Event: 6037.769 Thread 0x00000273de0f49c0 Unloading class 0x0000027381001800 'java/lang/invoke/LambdaForm$MH+0x0000027381001800'
Event: 6037.769 Thread 0x00000273de0f49c0 Unloading class 0x0000027381000400 'java/lang/invoke/LambdaForm$MH+0x0000027381000400'
Event: 7098.847 Thread 0x00000273de0f49c0 Unloading class 0x00000273811dd400 'java/lang/invoke/LambdaForm$BMH+0x00000273811dd400'
Event: 12552.365 Thread 0x00000273de0f49c0 Unloading class 0x00000273816c5400 'java/lang/invoke/LambdaForm$MH+0x00000273816c5400'
Event: 12552.365 Thread 0x00000273de0f49c0 Unloading class 0x00000273816d0800 'java/lang/invoke/LambdaForm$MH+0x00000273816d0800'
Event: 12552.365 Thread 0x00000273de0f49c0 Unloading class 0x00000273816dc000 'java/lang/invoke/LambdaForm$MH+0x00000273816dc000'
Event: 12552.365 Thread 0x00000273de0f49c0 Unloading class 0x000002738117c800 'java/lang/invoke/LambdaForm$MH+0x000002738117c800'
Event: 13297.968 Thread 0x00000273de0f49c0 Unloading class 0x00000273816dc000 'java/lang/invoke/LambdaForm$MH+0x00000273816dc000'
Event: 13297.968 Thread 0x00000273de0f49c0 Unloading class 0x00000273816d0800 'java/lang/invoke/LambdaForm$MH+0x00000273816d0800'
Event: 13297.968 Thread 0x00000273de0f49c0 Unloading class 0x000002738191c400 'java/lang/invoke/LambdaForm$MH+0x000002738191c400'
Event: 13297.968 Thread 0x00000273de0f49c0 Unloading class 0x000002738191d400 'java/lang/invoke/LambdaForm$MH+0x000002738191d400'
Event: 13297.969 Thread 0x00000273de0f49c0 Unloading class 0x000002738191d000 'java/lang/invoke/LambdaForm$MH+0x000002738191d000'
Event: 13297.969 Thread 0x00000273de0f49c0 Unloading class 0x0000027381934400 'java/lang/invoke/LambdaForm$MH+0x0000027381934400'
Event: 13297.969 Thread 0x00000273de0f49c0 Unloading class 0x0000027381934000 'java/lang/invoke/LambdaForm$MH+0x0000027381934000'
Event: 13297.969 Thread 0x00000273de0f49c0 Unloading class 0x0000027381001800 'java/lang/invoke/LambdaForm$MH+0x0000027381001800'
Event: 13297.969 Thread 0x00000273de0f49c0 Unloading class 0x0000027381004800 'java/lang/invoke/LambdaForm$MH+0x0000027381004800'
Event: 13297.969 Thread 0x00000273de0f49c0 Unloading class 0x0000027381005c00 'java/lang/invoke/LambdaForm$MH+0x0000027381005c00'

Classes redefined (0 events):
No events

Internal exceptions (20 events):
Event: 13622.192 Thread 0x00000273fb897ec0 Exception <a 'sun/nio/fs/WindowsException'{0x00000000d58f8460}> (0x00000000d58f8460) 
thrown [s\src\hotspot\share\prims\jni.cpp, line 520]
Event: 13632.626 Thread 0x00000273fb897ec0 Exception <a 'sun/nio/fs/WindowsException'{0x00000000d55e0ba0}> (0x00000000d55e0ba0) 
thrown [s\src\hotspot\share\prims\jni.cpp, line 520]
Event: 13632.763 Thread 0x00000273fb897ec0 Exception <a 'sun/nio/fs/WindowsException'{0x00000000d566cc38}> (0x00000000d566cc38) 
thrown [s\src\hotspot\share\prims\jni.cpp, line 520]
Event: 13634.531 Thread 0x00000273fb897ec0 Exception <a 'sun/nio/fs/WindowsException'{0x00000000d5770ca0}> (0x00000000d5770ca0) 
thrown [s\src\hotspot\share\prims\jni.cpp, line 520]
Event: 13634.606 Thread 0x00000273fb897ec0 Exception <a 'sun/nio/fs/WindowsException'{0x00000000d55e2780}> (0x00000000d55e2780) 
thrown [s\src\hotspot\share\prims\jni.cpp, line 520]
Event: 13702.523 Thread 0x00000273ff2fa220 Exception <a 'java/lang/ClassNotFoundException'{0x00000000d5a368e8}: sun/net/www/protocol/jdt/Handler> (0x00000000d5a368e8) 
thrown [s\src\hotspot\share\classfile\systemDictionary.cpp, line 312]
Event: 13702.523 Thread 0x00000273fcd8ac50 Exception <a 'java/lang/ClassNotFoundException'{0x00000000d5a2bc50}: sun/net/www/protocol/jdt/Handler> (0x00000000d5a2bc50) 
thrown [s\src\hotspot\share\classfile\systemDictionary.cpp, line 312]
Event: 13702.523 Thread 0x00000273ff2fa220 Exception <a 'java/lang/ClassNotFoundException'{0x00000000d5a3a1d8}: sun/net/www/protocol/jdt/Handler> (0x00000000d5a3a1d8) 
thrown [s\src\hotspot\share\classfile\systemDictionary.cpp, line 312]
Event: 13702.523 Thread 0x00000273fcd8ac50 Exception <a 'java/lang/ClassNotFoundException'{0x00000000d5a3d908}: sun/net/www/protocol/jdt/Handler> (0x00000000d5a3d908) 
thrown [s\src\hotspot\share\classfile\systemDictionary.cpp, line 312]
Event: 13702.704 Thread 0x00000273fd0955d0 Implicit null exception at 0x00000273e9d7371c to 0x00000273e9d73c98
Event: 13702.705 Thread 0x00000273fd0955d0 Implicit null exception at 0x00000273e8fa0549 to 0x00000273e8fa15c8
Event: 13702.706 Thread 0x00000273fd0955d0 Exception <a 'java/lang/NoSuchMethodError'{0x00000000d58f3ea8}: 'void java.lang.invoke.DelegatingMethodHandle$Holder.reinvoke_L(java.lang.Object, java.lang.Object, int)'> (0x00000000d58f3ea8) 
thrown [s\src\hotspot\share\interpreter\linkResolver.cpp, line 773]
Event: 13703.799 Thread 0x00000273fb897ec0 Exception <a 'sun/nio/fs/WindowsException'{0x00000000d5bf6218}> (0x00000000d5bf6218) 
thrown [s\src\hotspot\share\prims\jni.cpp, line 520]
Event: 13703.896 Thread 0x00000273fb897ec0 Exception <a 'sun/nio/fs/WindowsException'{0x00000000d5a472c8}> (0x00000000d5a472c8) 
thrown [s\src\hotspot\share\prims\jni.cpp, line 520]
Event: 88192.603 Thread 0x00000273fb897ec0 Exception <a 'sun/nio/fs/WindowsException'{0x00000000d5993318}> (0x00000000d5993318) 
thrown [s\src\hotspot\share\prims\jni.cpp, line 520]
Event: 88192.793 Thread 0x00000273fb897ec0 Exception <a 'sun/nio/fs/WindowsException'{0x00000000d563b1c0}> (0x00000000d563b1c0) 
thrown [s\src\hotspot\share\prims\jni.cpp, line 520]
Event: 88213.272 Thread 0x00000273fb897ec0 Exception <a 'sun/nio/fs/WindowsException'{0x00000000d57ee6d0}> (0x00000000d57ee6d0) 
thrown [s\src\hotspot\share\prims\jni.cpp, line 520]
Event: 88213.366 Thread 0x00000273fb897ec0 Exception <a 'sun/nio/fs/WindowsException'{0x00000000d55dda28}> (0x00000000d55dda28) 
thrown [s\src\hotspot\share\prims\jni.cpp, line 520]
Event: 88219.091 Thread 0x00000273fb897ec0 Exception <a 'sun/nio/fs/WindowsException'{0x00000000d564b698}> (0x00000000d564b698) 
thrown [s\src\hotspot\share\prims\jni.cpp, line 520]
Event: 88219.920 Thread 0x00000273fb897ec0 Exception <a 'sun/nio/fs/WindowsException'{0x00000000d56dee48}> (0x00000000d56dee48) 
thrown [s\src\hotspot\share\prims\jni.cpp, line 520]

ZGC Phase Switch (0 events):
No events

VM Operations (20 events):
Event: 185119.396 Executing VM operation: HandshakeAllThreads (HandshakeForDeflation)
Event: 185119.402 Executing VM operation: HandshakeAllThreads (HandshakeForDeflation) done
Event: 185119.402 Executing VM operation: RendezvousGCThreads
Event: 185119.402 Executing VM operation: RendezvousGCThreads done
Event: 185480.342 Executing VM operation: HandshakeAllThreads (HandshakeForDeflation)
Event: 185480.343 Executing VM operation: HandshakeAllThreads (HandshakeForDeflation) done
Event: 185480.343 Executing VM operation: RendezvousGCThreads
Event: 185480.343 Executing VM operation: RendezvousGCThreads done
Event: 186262.617 Executing VM operation: HandshakeAllThreads (HandshakeForDeflation)
Event: 186262.621 Executing VM operation: HandshakeAllThreads (HandshakeForDeflation) done
Event: 186262.622 Executing VM operation: RendezvousGCThreads
Event: 186262.622 Executing VM operation: RendezvousGCThreads done
Event: 186382.957 Executing VM operation: HandshakeAllThreads (HandshakeForDeflation)
Event: 186382.957 Executing VM operation: HandshakeAllThreads (HandshakeForDeflation) done
Event: 186382.957 Executing VM operation: RendezvousGCThreads
Event: 186382.957 Executing VM operation: RendezvousGCThreads done
Event: 186623.404 Executing VM operation: HandshakeAllThreads (HandshakeForDeflation)
Event: 186623.410 Executing VM operation: HandshakeAllThreads (HandshakeForDeflation) done
Event: 186623.410 Executing VM operation: RendezvousGCThreads
Event: 186623.410 Executing VM operation: RendezvousGCThreads done

Memory protections (0 events):
No events

Nmethod flushes (20 events):
Event: 13298.057 Thread 0x00000273de0f49c0 flushing  nmethod 0x00000273e428d010
Event: 13298.057 Thread 0x00000273de0f49c0 flushing  nmethod 0x00000273e42afa10
Event: 13298.057 Thread 0x00000273de0f49c0 flushing  nmethod 0x00000273e42b6e90
Event: 13298.057 Thread 0x00000273de0f49c0 flushing  nmethod 0x00000273e42baa90
Event: 13298.057 Thread 0x00000273de0f49c0 flushing  nmethod 0x00000273e42d2a10
Event: 13298.057 Thread 0x00000273de0f49c0 flushing  nmethod 0x00000273e42f3790
Event: 13298.057 Thread 0x00000273de0f49c0 flushing  nmethod 0x00000273e4308d90
Event: 13298.057 Thread 0x00000273de0f49c0 flushing  nmethod 0x00000273e430da10
Event: 13298.057 Thread 0x00000273de0f49c0 flushing  nmethod 0x00000273e430eb90
Event: 13298.057 Thread 0x00000273de0f49c0 flushing  nmethod 0x00000273e430f090
Event: 13298.057 Thread 0x00000273de0f49c0 flushing  nmethod 0x00000273e4314190
Event: 13298.057 Thread 0x00000273de0f49c0 flushing  nmethod 0x00000273e4315190
Event: 13298.057 Thread 0x00000273de0f49c0 flushing  nmethod 0x00000273e4320e90
Event: 13298.057 Thread 0x00000273de0f49c0 flushing  nmethod 0x00000273e4330b10
Event: 13298.057 Thread 0x00000273de0f49c0 flushing  nmethod 0x00000273e435f590
Event: 13298.057 Thread 0x00000273de0f49c0 flushing  nmethod 0x00000273e4368510
Event: 13298.057 Thread 0x00000273de0f49c0 flushing  nmethod 0x00000273e4376490
Event: 13298.057 Thread 0x00000273de0f49c0 flushing  nmethod 0x00000273e4391090
Event: 13298.057 Thread 0x00000273de0f49c0 flushing  nmethod 0x00000273e4392410
Event: 13298.057 Thread 0x00000273de0f49c0 flushing  nmethod 0x00000273e4392810

Events (20 events):
Event: 183926.115 Thread 0x00000273fcd85d90 Thread exited: 0x00000273fcd85d90
Event: 183986.123 Thread 0x00000273fcd86420 Thread exited: 0x00000273fcd86420
Event: 183992.415 Thread 0x00000273fd0955d0 Thread added: 0x00000273fcd86420
Event: 183992.424 Thread 0x00000273fcd86420 Thread added: 0x00000273fcd85d90
Event: 184052.454 Thread 0x00000273fcd86420 Thread exited: 0x00000273fcd86420
Event: 184112.462 Thread 0x00000273fcd85d90 Thread exited: 0x00000273fcd85d90
Event: 184145.118 Thread 0x00000273fd0955d0 Thread added: 0x00000273fcd85d90
Event: 184145.138 Thread 0x00000273fcd85d90 Thread added: 0x00000273fcd86420
Event: 184414.508 Thread 0x00000273fcd85d90 Thread exited: 0x00000273fcd85d90
Event: 184457.966 Thread 0x00000273fcd86420 Thread added: 0x00000273fcd85d90
Event: 184662.830 Thread 0x00000273fcd86420 Thread exited: 0x00000273fcd86420
Event: 184722.830 Thread 0x00000273fcd85d90 Thread exited: 0x00000273fcd85d90
Event: 184779.815 Thread 0x00000273fd0955d0 Thread added: 0x00000273fcd86420
Event: 184779.837 Thread 0x00000273fcd86420 Thread added: 0x00000273fcd85d90
Event: 184869.021 Thread 0x00000273fcd86420 Thread exited: 0x00000273fcd86420
Event: 184870.675 Thread 0x00000273fcd85d90 Thread added: 0x00000273fcd86420
Event: 184930.684 Thread 0x00000273fcd85d90 Thread exited: 0x00000273fcd85d90
Event: 184989.546 Thread 0x00000273fcd86420 Thread added: 0x00000273fcd85d90
Event: 185051.633 Thread 0x00000273fcd86420 Thread exited: 0x00000273fcd86420
Event: 185111.635 Thread 0x00000273fcd85d90 Thread exited: 0x00000273fcd85d90


Dynamic libraries:
0x00007ff70b910000 - 0x00007ff70b91e000 	c:\Users\Claud\.vscode\extensions\redhat.java-1.50.0-win32-x64\jre\21.0.9-win32-x86_64\bin\java.exe
0x00007ffd509e0000 - 0x00007ffd50c47000 	C:\WINDOWS\SYSTEM32\ntdll.dll
0x00007ffd4f660000 - 0x00007ffd4f729000 	C:\WINDOWS\System32\KERNEL32.DLL
0x00007ffd4df20000 - 0x00007ffd4e30f000 	C:\WINDOWS\System32\KERNELBASE.dll
0x00007ffd4a520000 - 0x00007ffd4a5bf000 	C:\WINDOWS\SYSTEM32\apphelp.dll
0x00007ffd4db30000 - 0x00007ffd4dc7b000 	C:\WINDOWS\System32\ucrtbase.dll
0x00007ffc773b0000 - 0x00007ffc773c8000 	c:\Users\Claud\.vscode\extensions\redhat.java-1.50.0-win32-x64\jre\21.0.9-win32-x86_64\bin\jli.dll
0x00007ffd4e890000 - 0x00007ffd4ea55000 	C:\WINDOWS\System32\USER32.dll
0x00007ffd4e3b0000 - 0x00007ffd4e3d7000 	C:\WINDOWS\System32\win32u.dll
0x00007ffd508c0000 - 0x00007ffd508eb000 	C:\WINDOWS\System32\GDI32.dll
0x00007ffd4ddf0000 - 0x00007ffd4df1c000 	C:\WINDOWS\System32\gdi32full.dll
0x00007ffd4e6d0000 - 0x00007ffd4e773000 	C:\WINDOWS\System32\msvcp_win.dll
0x00007ffca4b00000 - 0x00007ffca4b1e000 	c:\Users\Claud\.vscode\extensions\redhat.java-1.50.0-win32-x64\jre\21.0.9-win32-x86_64\bin\VCRUNTIME140.dll
0x00007ffd38b40000 - 0x00007ffd38dd3000 	C:\WINDOWS\WinSxS\amd64_microsoft.windows.common-controls_6595b64144ccf1df_6.0.26100.7309_none_3e05feeae336a044\COMCTL32.dll
0x00007ffd508f0000 - 0x00007ffd50999000 	C:\WINDOWS\System32\msvcrt.dll
0x00007ffd4f480000 - 0x00007ffd4f4b1000 	C:\WINDOWS\System32\IMM32.DLL
0x00007ffca4af0000 - 0x00007ffca4afc000 	c:\Users\Claud\.vscode\extensions\redhat.java-1.50.0-win32-x64\jre\21.0.9-win32-x86_64\bin\vcruntime140_1.dll
0x00007ffc5b230000 - 0x00007ffc5b2bd000 	c:\Users\Claud\.vscode\extensions\redhat.java-1.50.0-win32-x64\jre\21.0.9-win32-x86_64\bin\msvcp140.dll
0x00007ffc5a490000 - 0x00007ffc5b230000 	c:\Users\Claud\.vscode\extensions\redhat.java-1.50.0-win32-x64\jre\21.0.9-win32-x86_64\bin\server\jvm.dll
0x00007ffd50790000 - 0x00007ffd50844000 	C:\WINDOWS\System32\ADVAPI32.dll
0x00007ffd4f8a0000 - 0x00007ffd4f946000 	C:\WINDOWS\System32\sechost.dll
0x00007ffd4fe20000 - 0x00007ffd4ff38000 	C:\WINDOWS\System32\RPCRT4.dll
0x00007ffd50710000 - 0x00007ffd50784000 	C:\WINDOWS\System32\WS2_32.dll
0x00007ffd4d990000 - 0x00007ffd4d9ee000 	C:\WINDOWS\SYSTEM32\POWRPROF.dll
0x00007ffd332b0000 - 0x00007ffd332e5000 	C:\WINDOWS\SYSTEM32\WINMM.dll
0x00007ffd347d0000 - 0x00007ffd347db000 	C:\WINDOWS\SYSTEM32\VERSION.dll
0x00007ffd4d970000 - 0x00007ffd4d984000 	C:\WINDOWS\SYSTEM32\UMPDC.dll
0x00007ffd4c8e0000 - 0x00007ffd4c8fb000 	C:\WINDOWS\SYSTEM32\kernel.appcore.dll
0x00007ffc773a0000 - 0x00007ffc773aa000 	c:\Users\Claud\.vscode\extensions\redhat.java-1.50.0-win32-x64\jre\21.0.9-win32-x86_64\bin\jimage.dll
0x00007ffd4b3c0000 - 0x00007ffd4b602000 	C:\WINDOWS\SYSTEM32\DBGHELP.DLL
0x00007ffd4ff40000 - 0x00007ffd502c5000 	C:\WINDOWS\System32\combase.dll
0x00007ffd50450000 - 0x00007ffd50526000 	C:\WINDOWS\System32\OLEAUT32.dll
0x00007ffd30cf0000 - 0x00007ffd30d2c000 	C:\WINDOWS\SYSTEM32\dbgcore.DLL
0x00007ffd4e3e0000 - 0x00007ffd4e485000 	C:\WINDOWS\System32\bcryptPrimitives.dll
0x00007ffd38e30000 - 0x00007ffd38e3f000 	c:\Users\Claud\.vscode\extensions\redhat.java-1.50.0-win32-x64\jre\21.0.9-win32-x86_64\bin\instrument.dll
0x00007ffd112c0000 - 0x00007ffd112e0000 	c:\Users\Claud\.vscode\extensions\redhat.java-1.50.0-win32-x64\jre\21.0.9-win32-x86_64\bin\java.dll
0x00007ffd4ec60000 - 0x00007ffd4f3b3000 	C:\WINDOWS\System32\SHELL32.dll
0x00007ffd4dc80000 - 0x00007ffd4ddea000 	C:\WINDOWS\System32\wintypes.dll
0x00007ffd4b730000 - 0x00007ffd4bf8e000 	C:\WINDOWS\SYSTEM32\windows.storage.dll
0x00007ffd502d0000 - 0x00007ffd503c5000 	C:\WINDOWS\System32\SHCORE.dll
0x00007ffd4f4c0000 - 0x00007ffd4f526000 	C:\WINDOWS\System32\shlwapi.dll
0x00007ffd4da50000 - 0x00007ffd4da79000 	C:\WINDOWS\SYSTEM32\profapi.dll
0x00007ffd11130000 - 0x00007ffd11148000 	c:\Users\Claud\.vscode\extensions\redhat.java-1.50.0-win32-x64\jre\21.0.9-win32-x86_64\bin\zip.dll
0x00007ffd112b0000 - 0x00007ffd112c0000 	C:\Users\Claud\.vscode\extensions\redhat.java-1.50.0-win32-x64\jre\21.0.9-win32-x86_64\bin\net.dll
0x00007ffd43ee0000 - 0x00007ffd44008000 	C:\WINDOWS\SYSTEM32\WINHTTP.dll
0x00007ffd4ce50000 - 0x00007ffd4cebb000 	C:\WINDOWS\system32\mswsock.dll
0x00007ffc77380000 - 0x00007ffc77396000 	C:\Users\Claud\.vscode\extensions\redhat.java-1.50.0-win32-x64\jre\21.0.9-win32-x86_64\bin\nio.dll
0x00007ffc77370000 - 0x00007ffc77380000 	c:\Users\Claud\.vscode\extensions\redhat.java-1.50.0-win32-x64\jre\21.0.9-win32-x86_64\bin\verify.dll
0x00007ffc70c70000 - 0x00007ffc70cb4000 	C:\Users\Claud\AppData\Roaming\Code\User\globalStorage\redhat.java\1.50.0\config_win\org.eclipse.equinox.launcher\org.eclipse.equinox.launcher.win32.win32.x86_64_1.2.1400.v20250801-0854\eclipse_11916.dll
0x00007ffd4eac0000 - 0x00007ffd4ec57000 	C:\WINDOWS\System32\ole32.dll
0x00007ffd4d120000 - 0x00007ffd4d13b000 	C:\WINDOWS\SYSTEM32\CRYPTSP.dll
0x00007ffd4c840000 - 0x00007ffd4c87a000 	C:\WINDOWS\system32\rsaenh.dll
0x00007ffd4cf00000 - 0x00007ffd4cf2b000 	C:\WINDOWS\SYSTEM32\USERENV.dll
0x00007ffd4da20000 - 0x00007ffd4da4a000 	C:\WINDOWS\SYSTEM32\bcrypt.dll
0x00007ffd4d110000 - 0x00007ffd4d11c000 	C:\WINDOWS\SYSTEM32\CRYPTBASE.dll
0x00007ffd4c420000 - 0x00007ffd4c454000 	C:\WINDOWS\SYSTEM32\IPHLPAPI.DLL
0x00007ffd508b0000 - 0x00007ffd508ba000 	C:\WINDOWS\System32\NSI.dll
0x00007ffc5d030000 - 0x00007ffc5d079000 	C:\Users\Claud\AppData\Local\Temp\jna-65190279\jna16338723339487673174.dll
0x00007ffd4e880000 - 0x00007ffd4e888000 	C:\WINDOWS\System32\PSAPI.DLL
0x00007ffd45840000 - 0x00007ffd4585e000 	C:\WINDOWS\SYSTEM32\dhcpcsvc6.DLL
0x00007ffd45780000 - 0x00007ffd457a3000 	C:\WINDOWS\SYSTEM32\dhcpcsvc.DLL
0x00007ffd2da50000 - 0x00007ffd2da5e000 	C:\Users\Claud\.vscode\extensions\redhat.java-1.50.0-win32-x64\jre\21.0.9-win32-x86_64\bin\sunmscapi.dll
0x00007ffd4e550000 - 0x00007ffd4e6c7000 	C:\WINDOWS\System32\CRYPT32.dll
0x00007ffd4d330000 - 0x00007ffd4d360000 	C:\WINDOWS\SYSTEM32\ncrypt.dll
0x00007ffd4d2e0000 - 0x00007ffd4d31f000 	C:\WINDOWS\SYSTEM32\NTASN1.dll
0x00007ffd4c460000 - 0x00007ffd4c58c000 	C:\WINDOWS\SYSTEM32\DNSAPI.dll
0x00007ffd423d0000 - 0x00007ffd423db000 	C:\Windows\System32\rasadhlp.dll
0x00007ffd45bd0000 - 0x00007ffd45c56000 	C:\WINDOWS\System32\fwpuclnt.dll
0x00007ffd1bda0000 - 0x00007ffd1bda9000 	C:\Users\Claud\.vscode\extensions\redhat.java-1.50.0-win32-x64\jre\21.0.9-win32-x86_64\bin\extnet.dll

JVMTI agents:
c:\Users\Claud\.vscode\extensions\redhat.java-1.50.0-win32-x64\lombok\lombok-1.18.39-4050.jar path:c:\Users\Claud\.vscode\extensions\redhat.java-1.50.0-win32-x64\jre\21.0.9-win32-x86_64\bin\instrument.dll, loaded, initialized, instrumentlib options:none

dbghelp: loaded successfully - version: 4.0.5 - missing functions: none
symbol engine: initialized successfully - sym options: 0x614 - pdb path: .;c:\Users\Claud\.vscode\extensions\redhat.java-1.50.0-win32-x64\jre\21.0.9-win32-x86_64\bin;C:\WINDOWS\SYSTEM32;C:\WINDOWS\WinSxS\amd64_microsoft.windows.common-controls_6595b64144ccf1df_6.0.26100.7309_none_3e05feeae336a044;c:\Users\Claud\.vscode\extensions\redhat.java-1.50.0-win32-x64\jre\21.0.9-win32-x86_64\bin\server;C:\Users\Claud\AppData\Roaming\Code\User\globalStorage\redhat.java\1.50.0\config_win\org.eclipse.equinox.launcher\org.eclipse.equinox.launcher.win32.win32.x86_64_1.2.1400.v20250801-0854;C:\Users\Claud\AppData\Local\Temp\jna-65190279

VM Arguments:
jvm_args: --add-modules=ALL-SYSTEM --add-opens=java.base/java.util=ALL-UNNAMED --add-opens=java.base/java.lang=ALL-UNNAMED --add-opens=java.base/sun.nio.fs=ALL-UNNAMED -Declipse.application=org.eclipse.jdt.ls.core.id1 -Dosgi.bundles.defaultStartLevel=4 -Declipse.product=org.eclipse.jdt.ls.core.product -Djava.import.generatesMetadataFilesAtProjectRoot=false -DDetectVMInstallationsJob.disabled=true -Dfile.encoding=utf8 -XX:+UseParallelGC -XX:GCTimeRatio=4 -XX:AdaptiveSizePolicyWeight=90 -Dsun.zip.disableMemoryMapping=true -Xmx2G -Xms100m -Xlog:disable -javaagent:c:\Users\Claud\.vscode\extensions\redhat.java-1.50.0-win32-x64\lombok\lombok-1.18.39-4050.jar -XX:+HeapDumpOnOutOfMemoryError -XX:HeapDumpPath=c:\Users\Claud\AppData\Roaming\Code\User\workspaceStorage\569d6c0e4f9dd4caa8f051ef6d24335b\redhat.java -Daether.dependencyCollector.impl=bf 
java_command: c:\Users\Claud\.vscode\extensions\redhat.java-1.50.0-win32-x64\server\plugins\org.eclipse.equinox.launcher_1.7.100.v20251111-0406.jar -configuration c:\Users\Claud\AppData\Roaming\Code\User\globalStorage\redhat.java\1.50.0\config_win -data c:\Users\Claud\AppData\Roaming\Code\User\workspaceStorage\569d6c0e4f9dd4caa8f051ef6d24335b\redhat.java\jdt_ws --pipe=\\.\pipe\lsp-3e29417ab7db34c67a3babdf1a64e7f7-sock
java_class_path (initial): c:\Users\Claud\.vscode\extensions\redhat.java-1.50.0-win32-x64\server\plugins\org.eclipse.equinox.launcher_1.7.100.v20251111-0406.jar
Launcher Type: SUN_STANDARD

[Global flags]
    uintx AdaptiveSizePolicyWeight                 = 90                                        {product} {command line}
     intx CICompilerCount                          = 4                                         {product} {ergonomic}
    uintx GCTimeRatio                              = 4                                         {product} {command line}
     bool HeapDumpOnOutOfMemoryError               = true                                   {manageable} {command line}
    ccstr HeapDumpPath                             = c:\Users\Claud\AppData\Roaming\Code\User\workspaceStorage\569d6c0e4f9dd4caa8f051ef6d24335b\redhat.java         {manageable} {command line}
   size_t InitialHeapSize                          = 104857600                                 {product} {command line}
   size_t MaxHeapSize                              = 2147483648                                {product} {command line}
   size_t MaxNewSize                               = 715653120                                 {product} {ergonomic}
   size_t MinHeapDeltaBytes                        = 524288                                    {product} {ergonomic}
   size_t MinHeapSize                              = 104857600                                 {product} {command line}
   size_t NewSize                                  = 34603008                                  {product} {ergonomic}
    uintx NonNMethodCodeHeapSize                   = 5839372                                {pd product} {ergonomic}
    uintx NonProfiledCodeHeapSize                  = 122909434                              {pd product} {ergonomic}
   size_t OldSize                                  = 70254592                                  {product} {ergonomic}
    uintx ProfiledCodeHeapSize                     = 122909434                              {pd product} {ergonomic}
    uintx ReservedCodeCacheSize                    = 251658240                              {pd product} {ergonomic}
     bool SegmentedCodeCache                       = true                                      {product} {ergonomic}
   size_t SoftMaxHeapSize                          = 2147483648                             {manageable} {ergonomic}
     bool UseCompressedOops                        = true                           {product lp64_product} {ergonomic}
     bool UseLargePagesIndividualAllocation        = false                                  {pd product} {ergonomic}
     bool UseParallelGC                            = true                                      {product} {command line}

Logging:
Log output configuration:
 #0: stdout all=off uptime,level,tags foldmultilines=false
 #1: stderr all=off uptime,level,tags foldmultilines=false

Release file:
JAVA_VERSION="21.0.9" 
MODULES="java.base java.compiler java.datatransfer java.xml java.prefs java.desktop java.instrument java.logging java.management java.security.sasl java.naming java.rmi java.management.rmi java.net.http java.scripting java.security.jgss java.transaction.xa java.sql java.sql.rowset java.xml.crypto java.se java.smartcardio jdk.accessibility jdk.internal.jvmstat jdk.attach jdk.charsets jdk.internal.opt jdk.zipfs jdk.compiler jdk.crypto.ec jdk.crypto.cryptoki jdk.crypto.mscapi jdk.dynalink jdk.internal.ed jdk.editpad jdk.hotspot.agent jdk.httpserver jdk.internal.le jdk.internal.vm.ci jdk.internal.vm.compiler jdk.internal.vm.compiler.management jdk.jartool jdk.javadoc jdk.jcmd jdk.management jdk.management.agent jdk.jconsole jdk.jdeps jdk.jdwp.agent jdk.jdi jdk.jfr jdk.jshell jdk.jsobject jdk.jstatd jdk.localedata jdk.management.jfr jdk.naming.dns jdk.naming.rmi jdk.net jdk.nio.mapmode jdk.random jdk.sctp jdk.security.auth jdk.security.jgss jdk.unsupported jdk.unsupported.desktop jdk.xml.dom" 

Environment Variables:
PATH=C:\Program Files (x86)\Common Files\Oracle\Java\java8path;C:\Program Files (x86)\Common Files\Oracle\Java\javapath;C:\WINDOWS\system32;C:\WINDOWS;C:\WINDOWS\System32\Wbem;C:\WINDOWS\System32\WindowsPowerShell\v1.0\;C:\WINDOWS\System32\OpenSSH\;C:\Program Files\Git\cmd;C:\ProgramData\UNIVALI\Portugol Studio;C:\Program Files\dotnet\;C:\Program Files\nodejs\;C:\maven\apache-maven-3.9.11\bin;C:\Program Files\Java\jre1.8.0_471\bin;C:\src\flutter\bin;C:\Users\Claud\AppData\Local\Microsoft\WindowsApps;C:\Users\Claud\AppData\Local\Programs\Microsoft VS Code\bin;C:\Users\Claud\AppData\Local\GitHubDesktop\bin;C:\Users\Claud\AppData\Local\Programs\Python\Python313\Scripts;C:\Program Files\TerraForm;C:\Program Files\JetBrains\IntelliJ IDEA Community Edition 2024.3.3\bin;C:\Users\Claud\AppData\Roaming\npm
USERNAME=Claud
OS=Windows_NT
PROCESSOR_IDENTIFIER=Intel64 Family 6 Model 154 Stepping 4, GenuineIntel
TMP=C:\Users\Claud\AppData\Local\Temp
TEMP=C:\Users\Claud\AppData\Local\Temp




Periodic native trim disabled

---------------  S Y S T E M  ---------------

OS:
 Windows 11 , 64 bit Build 26100 (10.0.26100.7309)
OS uptime: 2 days 4:26 hours
Hyper-V role detected

CPU: total 12 (initial active 12) (6 cores per cpu, 2 threads per core) family 6 model 154 stepping 4 microcode 0x423, cx8, cmov, fxsr, ht, mmx, 3dnowpref, sse, sse2, sse3, ssse3, sse4.1, sse4.2, popcnt, lzcnt, tsc, tscinvbit, avx, avx2, aes, erms, clmul, bmi1, bmi2, adx, sha, fma, vzeroupper, clflush, clflushopt, clwb, hv, serialize, rdtscp, rdpid, fsrm, f16c, cet_ibt, cet_ss
Processor Information for processor 0
  Max Mhz: 1300, Current Mhz: 1300, Mhz Limit: 1300
Processor Information for processor 1
  Max Mhz: 1300, Current Mhz: 1300, Mhz Limit: 1300
Processor Information for processor 2
  Max Mhz: 1300, Current Mhz: 1300, Mhz Limit: 1300
Processor Information for processor 3
  Max Mhz: 1300, Current Mhz: 1300, Mhz Limit: 1300
Processor Information for processor 4
  Max Mhz: 1300, Current Mhz: 900, Mhz Limit: 897
Processor Information for processor 5
  Max Mhz: 1300, Current Mhz: 900, Mhz Limit: 897
Processor Information for processor 6
  Max Mhz: 1300, Current Mhz: 900, Mhz Limit: 897
Processor Information for processor 7
  Max Mhz: 1300, Current Mhz: 900, Mhz Limit: 897
Processor Information for processor 8
  Max Mhz: 1300, Current Mhz: 900, Mhz Limit: 897
Processor Information for processor 9
  Max Mhz: 1300, Current Mhz: 900, Mhz Limit: 897
Processor Information for processor 10
  Max Mhz: 1300, Current Mhz: 900, Mhz Limit: 897
Processor Information for processor 11
  Max Mhz: 1300, Current Mhz: 900, Mhz Limit: 897

Memory: 4k page, system-wide physical 11989M (699M free)
TotalPageFile size 32809M (AvailPageFile size 10M)
current process WorkingSet (physical memory assigned to process): 11M, peak: 1676M
current process commit charge ("private bytes"): 1130M, peak: 1764M

vm_info: OpenJDK 64-Bit Server VM (21.0.9+10-LTS) for windows-amd64 JRE (21.0.9+10-LTS), built on 2025-10-21T00:00:00Z by "admin" with unknown MS VC++:1942

END.
